<?xml version="1.0" encoding="UTF-8"?>
<testng-results skipped="0" failed="0" total="1" passed="1">
  <reporter-output>
  </reporter-output>
  <suite name="Default suite" duration-ms="47" started-at="2012-07-10T14:16:43Z" finished-at="2012-07-10T14:16:43Z">
    <groups>
    </groups>
    <test name="Default test" duration-ms="47" started-at="2012-07-10T14:16:43Z" finished-at="2012-07-10T14:16:43Z">
      <class name="com.bestway.util.RegexUtil">
        <test-method status="PASS" signature="aa()[pri:0, instance:com.bestway.util.RegexUtil@922804]" name="aa" duration-ms="15" started-at="2012-07-10T14:16:43Z" finished-at="2012-07-10T14:16:43Z">
        </test-method> <!-- aa -->
      </class> <!-- com.bestway.util.RegexUtil -->
    </test> <!-- Default test -->
  </suite> <!-- Default suite -->
</testng-results>
